<?xml version="1.0" encoding="UTF-8"?>
<testsuite name="Tests" tests="2" skipped="0" failures="0" errors="0" timestamp="2021-04-25T16:27:21" hostname="macbeezy.local" time="0.02">
  <properties/>
  <testcase name="testPosition" classname="Tests" time="0.009"/>
  <testcase name="testPerson" classname="Tests" time="0.01"/>
  <system-out><![CDATA[]]></system-out>
  <system-err><![CDATA[]]></system-err>
</testsuite>
