<?xml version="1.0" encoding="UTF-8"?>
<testsuite name="Tests" tests="4" skipped="0" failures="0" errors="0" timestamp="2021-04-25T19:23:22" hostname="macbeezy.local" time="0.02">
  <properties/>
  <testcase name="testInners" classname="Tests" time="0.007"/>
  <testcase name="testPosition" classname="Tests" time="0.001"/>
  <testcase name="testPerson" classname="Tests" time="0.011"/>
  <testcase name="testResume" classname="Tests" time="0.0"/>
  <system-out><![CDATA[Resume$Experience:9
Resume$Education:1
]]></system-out>
  <system-err><![CDATA[]]></system-err>
</testsuite>
