<?xml version="1.0" encoding="UTF-8"?>
<testsuite name="Tests" tests="3" skipped="0" failures="0" errors="0" timestamp="2021-04-25T22:20:04" hostname="macbeezy.local" time="0.007">
  <properties/>
  <testcase name="testCalculator" classname="Tests" time="0.003"/>
  <testcase name="testTask" classname="Tests" time="0.004"/>
  <testcase name="testDoMath" classname="Tests" time="0.0"/>
  <system-out><![CDATA[null
8.6
1.0699999999999998
Infinity
2.0
24.3
]]></system-out>
  <system-err><![CDATA[]]></system-err>
</testsuite>
